<?xml version="1.0" encoding="UTF-8" ?>
<testsuite failures="0" time="0.083" errors="0" skipped="0" tests="7" name="nz.govt.studylink.mslapp.server.notifications.NotificationsServiceImplTest">
  <properties>
[...]
</properties>
  <testcase time="0.018" classname="nz.govt.studylink.mslapp.server.notifications.NotificationsServiceImplTest" name="testSetupNotifications_1"/>
  <testcase time="0.005" classname="nz.govt.studylink.mslapp.server.notifications.NotificationsServiceImplTest" name="testgetDevices_wrongUserId"/>
  <testcase time="0.016" classname="nz.govt.studylink.mslapp.server.notifications.NotificationsServiceImplTest" name="testgetDevices"/>
  <testcase time="0.005" classname="nz.govt.studylink.mslapp.server.notifications.NotificationsServiceImplTest" name="testSetupNotifications_emotyUser"/>
  <testcase time="0.039" classname="nz.govt.studylink.mslapp.server.notifications.NotificationsServiceImplTest" name="testSetupNotifications_secondDeviceSameUser"/>
  <testcase time="0" classname="nz.govt.studylink.mslapp.server.notifications.NotificationsServiceImplTest" name="testSetupNotifications_wrongDeviceType"/>
  <testcase time="0" classname="nz.govt.studylink.mslapp.server.notifications.NotificationsServiceImplTest" name="testSetupNotifications_nullUser"/>
</testsuite>